mode: set
github.com/himanshu-kumar-zs/gofr-curd/services/product/functions.go:3.30,4.12 1 0
github.com/himanshu-kumar-zs/gofr-curd/services/product/functions.go:7.2,7.13 1 0
github.com/himanshu-kumar-zs/gofr-curd/services/product/functions.go:4.12,6.3 1 0
github.com/himanshu-kumar-zs/gofr-curd/store/product/functions.go:8.66,12.24 3 0
github.com/himanshu-kumar-zs/gofr-curd/store/product/functions.go:16.2,16.24 1 0
github.com/himanshu-kumar-zs/gofr-curd/store/product/functions.go:20.2,22.23 3 0
github.com/himanshu-kumar-zs/gofr-curd/store/product/functions.go:12.24,15.3 2 0
github.com/himanshu-kumar-zs/gofr-curd/store/product/functions.go:16.24,19.3 2 0
github.com/himanshu-kumar-zs/gofr-curd/main.go:10.13,23.2 12 0
github.com/himanshu-kumar-zs/gofr-curd/services/mock_interface.go:27.59,31.2 3 1
github.com/himanshu-kumar-zs/gofr-curd/services/mock_interface.go:34.57,36.2 1 1
github.com/himanshu-kumar-zs/gofr-curd/services/mock_interface.go:39.99,45.2 5 1
github.com/himanshu-kumar-zs/gofr-curd/services/mock_interface.go:48.82,51.2 2 1
github.com/himanshu-kumar-zs/gofr-curd/services/mock_interface.go:54.63,59.2 4 1
github.com/himanshu-kumar-zs/gofr-curd/services/mock_interface.go:62.77,65.2 2 1
github.com/himanshu-kumar-zs/gofr-curd/services/mock_interface.go:68.76,74.2 5 1
github.com/himanshu-kumar-zs/gofr-curd/services/mock_interface.go:77.73,80.2 2 1
github.com/himanshu-kumar-zs/gofr-curd/services/mock_interface.go:83.83,89.2 5 1
github.com/himanshu-kumar-zs/gofr-curd/services/mock_interface.go:92.78,95.2 2 1
github.com/himanshu-kumar-zs/gofr-curd/services/mock_interface.go:98.99,104.2 5 1
github.com/himanshu-kumar-zs/gofr-curd/services/mock_interface.go:107.82,110.2 2 1
github.com/himanshu-kumar-zs/gofr-curd/store/mock_interface.go:27.55,31.2 3 0
github.com/himanshu-kumar-zs/gofr-curd/store/mock_interface.go:34.53,36.2 1 0
github.com/himanshu-kumar-zs/gofr-curd/store/mock_interface.go:39.97,45.2 5 0
github.com/himanshu-kumar-zs/gofr-curd/store/mock_interface.go:48.80,51.2 2 0
github.com/himanshu-kumar-zs/gofr-curd/store/mock_interface.go:54.61,59.2 4 0
github.com/himanshu-kumar-zs/gofr-curd/store/mock_interface.go:62.75,65.2 2 0
github.com/himanshu-kumar-zs/gofr-curd/store/mock_interface.go:68.74,74.2 5 0
github.com/himanshu-kumar-zs/gofr-curd/store/mock_interface.go:77.71,80.2 2 0
github.com/himanshu-kumar-zs/gofr-curd/store/mock_interface.go:83.81,89.2 5 0
github.com/himanshu-kumar-zs/gofr-curd/store/mock_interface.go:92.76,95.2 2 0
github.com/himanshu-kumar-zs/gofr-curd/store/mock_interface.go:98.78,103.2 4 0
github.com/himanshu-kumar-zs/gofr-curd/store/mock_interface.go:106.80,109.2 2 0
github.com/himanshu-kumar-zs/gofr-curd/services/product/service.go:15.40,19.2 1 0
github.com/himanshu-kumar-zs/gofr-curd/services/product/service.go:21.86,22.21 1 0
github.com/himanshu-kumar-zs/gofr-curd/services/product/service.go:25.2,25.34 1 0
github.com/himanshu-kumar-zs/gofr-curd/services/product/service.go:22.21,24.3 1 0
github.com/himanshu-kumar-zs/gofr-curd/services/product/service.go:28.102,32.16 3 0
github.com/himanshu-kumar-zs/gofr-curd/services/product/service.go:36.2,37.16 2 0
github.com/himanshu-kumar-zs/gofr-curd/services/product/service.go:40.2,41.28 2 0
github.com/himanshu-kumar-zs/gofr-curd/services/product/service.go:32.16,34.3 1 0
github.com/himanshu-kumar-zs/gofr-curd/services/product/service.go:37.16,39.3 1 0
github.com/himanshu-kumar-zs/gofr-curd/services/product/service.go:44.66,45.21 1 0
github.com/himanshu-kumar-zs/gofr-curd/services/product/service.go:49.2,50.16 2 0
github.com/himanshu-kumar-zs/gofr-curd/services/product/service.go:53.2,53.33 1 0
github.com/himanshu-kumar-zs/gofr-curd/services/product/service.go:45.21,47.3 1 0
github.com/himanshu-kumar-zs/gofr-curd/services/product/service.go:50.16,52.3 1 0
github.com/himanshu-kumar-zs/gofr-curd/services/product/service.go:56.102,57.24 1 0
github.com/himanshu-kumar-zs/gofr-curd/services/product/service.go:60.2,60.24 1 0
github.com/himanshu-kumar-zs/gofr-curd/services/product/service.go:63.2,63.38 1 0
github.com/himanshu-kumar-zs/gofr-curd/services/product/service.go:57.24,59.3 1 0
github.com/himanshu-kumar-zs/gofr-curd/services/product/service.go:60.24,62.3 1 0
github.com/himanshu-kumar-zs/gofr-curd/services/product/service.go:66.79,68.2 1 0
github.com/himanshu-kumar-zs/gofr-curd/store/product/store.go:13.25,15.2 1 0
github.com/himanshu-kumar-zs/gofr-curd/store/product/store.go:16.84,19.26 3 0
github.com/himanshu-kumar-zs/gofr-curd/store/product/store.go:22.2,22.19 1 0
github.com/himanshu-kumar-zs/gofr-curd/store/product/store.go:19.26,21.3 1 0
github.com/himanshu-kumar-zs/gofr-curd/store/product/store.go:24.81,28.2 3 0
github.com/himanshu-kumar-zs/gofr-curd/store/product/store.go:30.64,33.2 2 0
github.com/himanshu-kumar-zs/gofr-curd/store/product/store.go:35.100,39.16 2 0
github.com/himanshu-kumar-zs/gofr-curd/store/product/store.go:42.2,44.21 3 0
github.com/himanshu-kumar-zs/gofr-curd/store/product/store.go:39.16,41.3 1 0
github.com/himanshu-kumar-zs/gofr-curd/store/product/store.go:47.77,50.26 3 0
github.com/himanshu-kumar-zs/gofr-curd/store/product/store.go:55.2,55.18 1 0
github.com/himanshu-kumar-zs/gofr-curd/store/product/store.go:60.2,60.18 1 0
github.com/himanshu-kumar-zs/gofr-curd/store/product/store.go:50.26,54.3 1 0
github.com/himanshu-kumar-zs/gofr-curd/store/product/store.go:55.18,59.3 3 0
github.com/himanshu-kumar-zs/gofr-curd/handler/handler.go:15.38,19.2 1 1
github.com/himanshu-kumar-zs/gofr-curd/handler/handler.go:20.66,22.13 2 1
github.com/himanshu-kumar-zs/gofr-curd/handler/handler.go:26.2,27.16 2 1
github.com/himanshu-kumar-zs/gofr-curd/handler/handler.go:31.2,32.18 2 1
github.com/himanshu-kumar-zs/gofr-curd/handler/handler.go:22.13,24.3 1 1
github.com/himanshu-kumar-zs/gofr-curd/handler/handler.go:27.16,29.3 1 1
github.com/himanshu-kumar-zs/gofr-curd/handler/handler.go:35.65,37.13 2 1
github.com/himanshu-kumar-zs/gofr-curd/handler/handler.go:41.2,42.16 2 1
github.com/himanshu-kumar-zs/gofr-curd/handler/handler.go:46.2,47.46 2 1
github.com/himanshu-kumar-zs/gofr-curd/handler/handler.go:52.2,54.18 3 1
github.com/himanshu-kumar-zs/gofr-curd/handler/handler.go:37.13,39.3 1 1
github.com/himanshu-kumar-zs/gofr-curd/handler/handler.go:42.16,44.3 1 1
github.com/himanshu-kumar-zs/gofr-curd/handler/handler.go:47.46,50.3 2 0
github.com/himanshu-kumar-zs/gofr-curd/handler/handler.go:57.65,59.13 2 1
github.com/himanshu-kumar-zs/gofr-curd/handler/handler.go:63.2,64.16 2 1
github.com/himanshu-kumar-zs/gofr-curd/handler/handler.go:68.2,69.36 2 1
github.com/himanshu-kumar-zs/gofr-curd/handler/handler.go:59.13,61.3 1 1
github.com/himanshu-kumar-zs/gofr-curd/handler/handler.go:64.16,66.3 1 1
github.com/himanshu-kumar-zs/gofr-curd/handler/handler.go:72.65,74.46 2 1
github.com/himanshu-kumar-zs/gofr-curd/handler/handler.go:79.2,80.18 2 1
github.com/himanshu-kumar-zs/gofr-curd/handler/handler.go:74.46,77.3 2 0
github.com/himanshu-kumar-zs/gofr-curd/handler/handler.go:83.65,85.2 1 1
github.com/himanshu-kumar-zs/gofr-curd/services/mock_interface.go:27.59,31.2 3 0
github.com/himanshu-kumar-zs/gofr-curd/services/mock_interface.go:34.57,36.2 1 0
github.com/himanshu-kumar-zs/gofr-curd/services/mock_interface.go:39.99,45.2 5 0
github.com/himanshu-kumar-zs/gofr-curd/services/mock_interface.go:48.82,51.2 2 0
github.com/himanshu-kumar-zs/gofr-curd/services/mock_interface.go:54.63,59.2 4 0
github.com/himanshu-kumar-zs/gofr-curd/services/mock_interface.go:62.77,65.2 2 0
github.com/himanshu-kumar-zs/gofr-curd/services/mock_interface.go:68.76,74.2 5 0
github.com/himanshu-kumar-zs/gofr-curd/services/mock_interface.go:77.73,80.2 2 0
github.com/himanshu-kumar-zs/gofr-curd/services/mock_interface.go:83.83,89.2 5 0
github.com/himanshu-kumar-zs/gofr-curd/services/mock_interface.go:92.78,95.2 2 0
github.com/himanshu-kumar-zs/gofr-curd/services/mock_interface.go:98.99,104.2 5 0
github.com/himanshu-kumar-zs/gofr-curd/services/mock_interface.go:107.82,110.2 2 0
github.com/himanshu-kumar-zs/gofr-curd/handler/handler.go:15.38,19.2 1 0
github.com/himanshu-kumar-zs/gofr-curd/handler/handler.go:20.66,22.13 2 0
github.com/himanshu-kumar-zs/gofr-curd/handler/handler.go:26.2,27.16 2 0
github.com/himanshu-kumar-zs/gofr-curd/handler/handler.go:31.2,32.18 2 0
github.com/himanshu-kumar-zs/gofr-curd/handler/handler.go:22.13,24.3 1 0
github.com/himanshu-kumar-zs/gofr-curd/handler/handler.go:27.16,29.3 1 0
github.com/himanshu-kumar-zs/gofr-curd/handler/handler.go:35.65,37.13 2 0
github.com/himanshu-kumar-zs/gofr-curd/handler/handler.go:41.2,42.16 2 0
github.com/himanshu-kumar-zs/gofr-curd/handler/handler.go:46.2,47.46 2 0
github.com/himanshu-kumar-zs/gofr-curd/handler/handler.go:52.2,54.18 3 0
github.com/himanshu-kumar-zs/gofr-curd/handler/handler.go:37.13,39.3 1 0
github.com/himanshu-kumar-zs/gofr-curd/handler/handler.go:42.16,44.3 1 0
github.com/himanshu-kumar-zs/gofr-curd/handler/handler.go:47.46,50.3 2 0
github.com/himanshu-kumar-zs/gofr-curd/handler/handler.go:57.65,59.13 2 0
github.com/himanshu-kumar-zs/gofr-curd/handler/handler.go:63.2,64.16 2 0
github.com/himanshu-kumar-zs/gofr-curd/handler/handler.go:68.2,69.36 2 0
github.com/himanshu-kumar-zs/gofr-curd/handler/handler.go:59.13,61.3 1 0
github.com/himanshu-kumar-zs/gofr-curd/handler/handler.go:64.16,66.3 1 0
github.com/himanshu-kumar-zs/gofr-curd/handler/handler.go:72.65,74.46 2 0
github.com/himanshu-kumar-zs/gofr-curd/handler/handler.go:79.2,80.18 2 0
github.com/himanshu-kumar-zs/gofr-curd/handler/handler.go:74.46,77.3 2 0
github.com/himanshu-kumar-zs/gofr-curd/handler/handler.go:83.65,85.2 1 0
github.com/himanshu-kumar-zs/gofr-curd/store/product/functions.go:8.66,12.24 3 0
github.com/himanshu-kumar-zs/gofr-curd/store/product/functions.go:16.2,16.24 1 0
github.com/himanshu-kumar-zs/gofr-curd/store/product/functions.go:20.2,22.23 3 0
github.com/himanshu-kumar-zs/gofr-curd/store/product/functions.go:12.24,15.3 2 0
github.com/himanshu-kumar-zs/gofr-curd/store/product/functions.go:16.24,19.3 2 0
github.com/himanshu-kumar-zs/gofr-curd/services/product/functions.go:3.30,4.12 1 1
github.com/himanshu-kumar-zs/gofr-curd/services/product/functions.go:7.2,7.13 1 1
github.com/himanshu-kumar-zs/gofr-curd/services/product/functions.go:4.12,6.3 1 1
github.com/himanshu-kumar-zs/gofr-curd/main.go:10.13,23.2 12 0
github.com/himanshu-kumar-zs/gofr-curd/services/product/service.go:15.40,19.2 1 1
github.com/himanshu-kumar-zs/gofr-curd/services/product/service.go:21.86,22.21 1 1
github.com/himanshu-kumar-zs/gofr-curd/services/product/service.go:25.2,25.34 1 1
github.com/himanshu-kumar-zs/gofr-curd/services/product/service.go:22.21,24.3 1 1
github.com/himanshu-kumar-zs/gofr-curd/services/product/service.go:28.102,32.16 3 1
github.com/himanshu-kumar-zs/gofr-curd/services/product/service.go:36.2,37.16 2 1
github.com/himanshu-kumar-zs/gofr-curd/services/product/service.go:40.2,41.28 2 1
github.com/himanshu-kumar-zs/gofr-curd/services/product/service.go:32.16,34.3 1 1
github.com/himanshu-kumar-zs/gofr-curd/services/product/service.go:37.16,39.3 1 1
github.com/himanshu-kumar-zs/gofr-curd/services/product/service.go:44.66,45.21 1 1
github.com/himanshu-kumar-zs/gofr-curd/services/product/service.go:49.2,50.16 2 1
github.com/himanshu-kumar-zs/gofr-curd/services/product/service.go:53.2,53.33 1 1
github.com/himanshu-kumar-zs/gofr-curd/services/product/service.go:45.21,47.3 1 1
github.com/himanshu-kumar-zs/gofr-curd/services/product/service.go:50.16,52.3 1 1
github.com/himanshu-kumar-zs/gofr-curd/services/product/service.go:56.102,57.24 1 1
github.com/himanshu-kumar-zs/gofr-curd/services/product/service.go:60.2,60.24 1 1
github.com/himanshu-kumar-zs/gofr-curd/services/product/service.go:63.2,63.38 1 1
github.com/himanshu-kumar-zs/gofr-curd/services/product/service.go:57.24,59.3 1 1
github.com/himanshu-kumar-zs/gofr-curd/services/product/service.go:60.24,62.3 1 1
github.com/himanshu-kumar-zs/gofr-curd/services/product/service.go:66.79,68.2 1 1
github.com/himanshu-kumar-zs/gofr-curd/store/mock_interface.go:27.55,31.2 3 1
github.com/himanshu-kumar-zs/gofr-curd/store/mock_interface.go:34.53,36.2 1 1
github.com/himanshu-kumar-zs/gofr-curd/store/mock_interface.go:39.97,45.2 5 1
github.com/himanshu-kumar-zs/gofr-curd/store/mock_interface.go:48.80,51.2 2 1
github.com/himanshu-kumar-zs/gofr-curd/store/mock_interface.go:54.61,59.2 4 1
github.com/himanshu-kumar-zs/gofr-curd/store/mock_interface.go:62.75,65.2 2 1
github.com/himanshu-kumar-zs/gofr-curd/store/mock_interface.go:68.74,74.2 5 1
github.com/himanshu-kumar-zs/gofr-curd/store/mock_interface.go:77.71,80.2 2 1
github.com/himanshu-kumar-zs/gofr-curd/store/mock_interface.go:83.81,89.2 5 1
github.com/himanshu-kumar-zs/gofr-curd/store/mock_interface.go:92.76,95.2 2 1
github.com/himanshu-kumar-zs/gofr-curd/store/mock_interface.go:98.78,103.2 4 1
github.com/himanshu-kumar-zs/gofr-curd/store/mock_interface.go:106.80,109.2 2 1
github.com/himanshu-kumar-zs/gofr-curd/store/product/store.go:13.25,15.2 1 0
github.com/himanshu-kumar-zs/gofr-curd/store/product/store.go:16.84,19.26 3 0
github.com/himanshu-kumar-zs/gofr-curd/store/product/store.go:22.2,22.19 1 0
github.com/himanshu-kumar-zs/gofr-curd/store/product/store.go:19.26,21.3 1 0
github.com/himanshu-kumar-zs/gofr-curd/store/product/store.go:24.81,28.2 3 0
github.com/himanshu-kumar-zs/gofr-curd/store/product/store.go:30.64,33.2 2 0
github.com/himanshu-kumar-zs/gofr-curd/store/product/store.go:35.100,39.16 2 0
github.com/himanshu-kumar-zs/gofr-curd/store/product/store.go:42.2,44.21 3 0
github.com/himanshu-kumar-zs/gofr-curd/store/product/store.go:39.16,41.3 1 0
github.com/himanshu-kumar-zs/gofr-curd/store/product/store.go:47.77,50.26 3 0
github.com/himanshu-kumar-zs/gofr-curd/store/product/store.go:55.2,55.18 1 0
github.com/himanshu-kumar-zs/gofr-curd/store/product/store.go:60.2,60.18 1 0
github.com/himanshu-kumar-zs/gofr-curd/store/product/store.go:50.26,54.3 1 0
github.com/himanshu-kumar-zs/gofr-curd/store/product/store.go:55.18,59.3 3 0
github.com/himanshu-kumar-zs/gofr-curd/services/mock_interface.go:27.59,31.2 3 0
github.com/himanshu-kumar-zs/gofr-curd/services/mock_interface.go:34.57,36.2 1 0
github.com/himanshu-kumar-zs/gofr-curd/services/mock_interface.go:39.99,45.2 5 0
github.com/himanshu-kumar-zs/gofr-curd/services/mock_interface.go:48.82,51.2 2 0
github.com/himanshu-kumar-zs/gofr-curd/services/mock_interface.go:54.63,59.2 4 0
github.com/himanshu-kumar-zs/gofr-curd/services/mock_interface.go:62.77,65.2 2 0
github.com/himanshu-kumar-zs/gofr-curd/services/mock_interface.go:68.76,74.2 5 0
github.com/himanshu-kumar-zs/gofr-curd/services/mock_interface.go:77.73,80.2 2 0
github.com/himanshu-kumar-zs/gofr-curd/services/mock_interface.go:83.83,89.2 5 0
github.com/himanshu-kumar-zs/gofr-curd/services/mock_interface.go:92.78,95.2 2 0
github.com/himanshu-kumar-zs/gofr-curd/services/mock_interface.go:98.99,104.2 5 0
github.com/himanshu-kumar-zs/gofr-curd/services/mock_interface.go:107.82,110.2 2 0
github.com/himanshu-kumar-zs/gofr-curd/services/product/service.go:15.40,19.2 1 0
github.com/himanshu-kumar-zs/gofr-curd/services/product/service.go:21.86,22.21 1 0
github.com/himanshu-kumar-zs/gofr-curd/services/product/service.go:25.2,25.34 1 0
github.com/himanshu-kumar-zs/gofr-curd/services/product/service.go:22.21,24.3 1 0
github.com/himanshu-kumar-zs/gofr-curd/services/product/service.go:28.102,32.16 3 0
github.com/himanshu-kumar-zs/gofr-curd/services/product/service.go:36.2,37.16 2 0
github.com/himanshu-kumar-zs/gofr-curd/services/product/service.go:40.2,41.28 2 0
github.com/himanshu-kumar-zs/gofr-curd/services/product/service.go:32.16,34.3 1 0
github.com/himanshu-kumar-zs/gofr-curd/services/product/service.go:37.16,39.3 1 0
github.com/himanshu-kumar-zs/gofr-curd/services/product/service.go:44.66,45.21 1 0
github.com/himanshu-kumar-zs/gofr-curd/services/product/service.go:49.2,50.16 2 0
github.com/himanshu-kumar-zs/gofr-curd/services/product/service.go:53.2,53.33 1 0
github.com/himanshu-kumar-zs/gofr-curd/services/product/service.go:45.21,47.3 1 0
github.com/himanshu-kumar-zs/gofr-curd/services/product/service.go:50.16,52.3 1 0
github.com/himanshu-kumar-zs/gofr-curd/services/product/service.go:56.102,57.24 1 0
github.com/himanshu-kumar-zs/gofr-curd/services/product/service.go:60.2,60.24 1 0
github.com/himanshu-kumar-zs/gofr-curd/services/product/service.go:63.2,63.38 1 0
github.com/himanshu-kumar-zs/gofr-curd/services/product/service.go:57.24,59.3 1 0
github.com/himanshu-kumar-zs/gofr-curd/services/product/service.go:60.24,62.3 1 0
github.com/himanshu-kumar-zs/gofr-curd/services/product/service.go:66.79,68.2 1 0
github.com/himanshu-kumar-zs/gofr-curd/store/product/functions.go:8.66,12.24 3 1
github.com/himanshu-kumar-zs/gofr-curd/store/product/functions.go:16.2,16.24 1 1
github.com/himanshu-kumar-zs/gofr-curd/store/product/functions.go:20.2,22.23 3 1
github.com/himanshu-kumar-zs/gofr-curd/store/product/functions.go:12.24,15.3 2 1
github.com/himanshu-kumar-zs/gofr-curd/store/product/functions.go:16.24,19.3 2 1
github.com/himanshu-kumar-zs/gofr-curd/handler/handler.go:15.38,19.2 1 0
github.com/himanshu-kumar-zs/gofr-curd/handler/handler.go:20.66,22.13 2 0
github.com/himanshu-kumar-zs/gofr-curd/handler/handler.go:26.2,27.16 2 0
github.com/himanshu-kumar-zs/gofr-curd/handler/handler.go:31.2,32.18 2 0
github.com/himanshu-kumar-zs/gofr-curd/handler/handler.go:22.13,24.3 1 0
github.com/himanshu-kumar-zs/gofr-curd/handler/handler.go:27.16,29.3 1 0
github.com/himanshu-kumar-zs/gofr-curd/handler/handler.go:35.65,37.13 2 0
github.com/himanshu-kumar-zs/gofr-curd/handler/handler.go:41.2,42.16 2 0
github.com/himanshu-kumar-zs/gofr-curd/handler/handler.go:46.2,47.46 2 0
github.com/himanshu-kumar-zs/gofr-curd/handler/handler.go:52.2,54.18 3 0
github.com/himanshu-kumar-zs/gofr-curd/handler/handler.go:37.13,39.3 1 0
github.com/himanshu-kumar-zs/gofr-curd/handler/handler.go:42.16,44.3 1 0
github.com/himanshu-kumar-zs/gofr-curd/handler/handler.go:47.46,50.3 2 0
github.com/himanshu-kumar-zs/gofr-curd/handler/handler.go:57.65,59.13 2 0
github.com/himanshu-kumar-zs/gofr-curd/handler/handler.go:63.2,64.16 2 0
github.com/himanshu-kumar-zs/gofr-curd/handler/handler.go:68.2,69.36 2 0
github.com/himanshu-kumar-zs/gofr-curd/handler/handler.go:59.13,61.3 1 0
github.com/himanshu-kumar-zs/gofr-curd/handler/handler.go:64.16,66.3 1 0
github.com/himanshu-kumar-zs/gofr-curd/handler/handler.go:72.65,74.46 2 0
github.com/himanshu-kumar-zs/gofr-curd/handler/handler.go:79.2,80.18 2 0
github.com/himanshu-kumar-zs/gofr-curd/handler/handler.go:74.46,77.3 2 0
github.com/himanshu-kumar-zs/gofr-curd/handler/handler.go:83.65,85.2 1 0
github.com/himanshu-kumar-zs/gofr-curd/store/mock_interface.go:27.55,31.2 3 0
github.com/himanshu-kumar-zs/gofr-curd/store/mock_interface.go:34.53,36.2 1 0
github.com/himanshu-kumar-zs/gofr-curd/store/mock_interface.go:39.97,45.2 5 0
github.com/himanshu-kumar-zs/gofr-curd/store/mock_interface.go:48.80,51.2 2 0
github.com/himanshu-kumar-zs/gofr-curd/store/mock_interface.go:54.61,59.2 4 0
github.com/himanshu-kumar-zs/gofr-curd/store/mock_interface.go:62.75,65.2 2 0
github.com/himanshu-kumar-zs/gofr-curd/store/mock_interface.go:68.74,74.2 5 0
github.com/himanshu-kumar-zs/gofr-curd/store/mock_interface.go:77.71,80.2 2 0
github.com/himanshu-kumar-zs/gofr-curd/store/mock_interface.go:83.81,89.2 5 0
github.com/himanshu-kumar-zs/gofr-curd/store/mock_interface.go:92.76,95.2 2 0
github.com/himanshu-kumar-zs/gofr-curd/store/mock_interface.go:98.78,103.2 4 0
github.com/himanshu-kumar-zs/gofr-curd/store/mock_interface.go:106.80,109.2 2 0
github.com/himanshu-kumar-zs/gofr-curd/services/product/functions.go:3.30,4.12 1 0
github.com/himanshu-kumar-zs/gofr-curd/services/product/functions.go:7.2,7.13 1 0
github.com/himanshu-kumar-zs/gofr-curd/services/product/functions.go:4.12,6.3 1 0
github.com/himanshu-kumar-zs/gofr-curd/main.go:10.13,23.2 12 0
github.com/himanshu-kumar-zs/gofr-curd/store/product/store.go:13.25,15.2 1 1
github.com/himanshu-kumar-zs/gofr-curd/store/product/store.go:16.84,19.26 3 1
github.com/himanshu-kumar-zs/gofr-curd/store/product/store.go:22.2,22.19 1 1
github.com/himanshu-kumar-zs/gofr-curd/store/product/store.go:19.26,21.3 1 1
github.com/himanshu-kumar-zs/gofr-curd/store/product/store.go:24.81,28.2 3 1
github.com/himanshu-kumar-zs/gofr-curd/store/product/store.go:30.64,33.2 2 1
github.com/himanshu-kumar-zs/gofr-curd/store/product/store.go:35.100,39.16 2 1
github.com/himanshu-kumar-zs/gofr-curd/store/product/store.go:42.2,44.21 3 1
github.com/himanshu-kumar-zs/gofr-curd/store/product/store.go:39.16,41.3 1 1
github.com/himanshu-kumar-zs/gofr-curd/store/product/store.go:47.77,50.26 3 1
github.com/himanshu-kumar-zs/gofr-curd/store/product/store.go:55.2,55.18 1 1
github.com/himanshu-kumar-zs/gofr-curd/store/product/store.go:60.2,60.18 1 1
github.com/himanshu-kumar-zs/gofr-curd/store/product/store.go:50.26,54.3 1 1
github.com/himanshu-kumar-zs/gofr-curd/store/product/store.go:55.18,59.3 3 1
