mode: set
gofr-curd/services/mock_interfaces.go:27.61,31.2 3 0
gofr-curd/services/mock_interfaces.go:34.59,36.2 1 0
gofr-curd/services/mock_interfaces.go:39.104,45.2 5 0
gofr-curd/services/mock_interfaces.go:48.88,51.2 2 0
gofr-curd/services/mock_interfaces.go:54.74,59.2 4 0
gofr-curd/services/mock_interfaces.go:62.85,65.2 2 0
gofr-curd/services/mock_interfaces.go:68.86,74.2 5 0
gofr-curd/services/mock_interfaces.go:77.83,80.2 2 0
gofr-curd/services/mock_interfaces.go:83.97,89.2 5 0
gofr-curd/services/mock_interfaces.go:92.89,95.2 2 0
gofr-curd/services/mock_interfaces.go:98.114,104.2 5 0
gofr-curd/services/mock_interfaces.go:107.91,110.2 2 0
gofr-curd/stores/mock_interfaces.go:27.57,31.2 3 1
gofr-curd/stores/mock_interfaces.go:34.55,36.2 1 1
gofr-curd/stores/mock_interfaces.go:39.90,45.2 5 1
gofr-curd/stores/mock_interfaces.go:48.86,51.2 2 1
gofr-curd/stores/mock_interfaces.go:54.69,59.2 4 1
gofr-curd/stores/mock_interfaces.go:62.83,65.2 2 1
gofr-curd/stores/mock_interfaces.go:68.84,74.2 5 1
gofr-curd/stores/mock_interfaces.go:77.81,80.2 2 1
gofr-curd/stores/mock_interfaces.go:83.92,89.2 5 1
gofr-curd/stores/mock_interfaces.go:92.87,95.2 2 1
gofr-curd/stores/mock_interfaces.go:98.97,104.2 5 1
gofr-curd/stores/mock_interfaces.go:107.89,110.2 2 1
gofr-curd/main.go:12.13,27.2 13 0
gofr-curd/services/product/services.go:18.46,20.2 1 1
gofr-curd/services/product/services.go:22.98,25.16 3 1
gofr-curd/services/product/services.go:28.2,28.16 1 1
gofr-curd/services/product/services.go:33.2,34.16 2 1
gofr-curd/services/product/services.go:37.2,38.17 2 1
gofr-curd/services/product/services.go:25.16,27.3 1 1
gofr-curd/services/product/services.go:28.16,32.3 1 1
gofr-curd/services/product/services.go:34.16,36.3 1 1
gofr-curd/services/product/services.go:41.89,44.16 3 1
gofr-curd/services/product/services.go:47.2,48.17 2 1
gofr-curd/services/product/services.go:44.16,46.3 1 1
gofr-curd/services/product/services.go:51.106,54.46 2 1
gofr-curd/services/product/services.go:57.2,57.20 1 1
gofr-curd/services/product/services.go:61.2,61.20 1 1
gofr-curd/services/product/services.go:64.2,65.16 2 1
gofr-curd/services/product/services.go:69.2,71.18 3 1
gofr-curd/services/product/services.go:54.46,56.3 1 1
gofr-curd/services/product/services.go:57.20,59.3 1 1
gofr-curd/services/product/services.go:61.20,63.3 1 1
gofr-curd/services/product/services.go:65.16,67.3 1 1
gofr-curd/services/product/services.go:75.75,78.16 2 1
gofr-curd/services/product/services.go:81.2,81.16 1 1
gofr-curd/services/product/services.go:86.2,87.16 2 1
gofr-curd/services/product/services.go:91.2,91.12 1 1
gofr-curd/services/product/services.go:78.16,80.3 1 1
gofr-curd/services/product/services.go:81.16,85.3 1 1
gofr-curd/services/product/services.go:87.16,89.3 1 1
gofr-curd/services/product/services.go:94.114,97.16 3 1
gofr-curd/services/product/services.go:100.2,100.16 1 1
gofr-curd/services/product/services.go:119.2,120.16 2 1
gofr-curd/services/product/services.go:123.2,125.18 3 1
gofr-curd/services/product/services.go:97.16,99.3 1 1
gofr-curd/services/product/services.go:100.16,104.3 1 1
gofr-curd/services/product/services.go:120.16,122.3 1 1
gofr-curd/http/product/http.go:20.80,24.16 3 0
gofr-curd/http/product/http.go:34.2,41.25 2 0
gofr-curd/http/product/http.go:24.16,27.3 1 0
gofr-curd/http/product/http.go:44.80,47.16 3 0
gofr-curd/http/product/http.go:50.2,56.25 3 0
gofr-curd/http/product/http.go:47.16,49.3 1 0
gofr-curd/http/product/http.go:59.79,68.16 3 0
gofr-curd/http/product/http.go:75.2,76.16 2 0
gofr-curd/http/product/http.go:79.2,86.25 2 0
gofr-curd/http/product/http.go:68.16,73.3 3 0
gofr-curd/http/product/http.go:76.16,78.3 1 0
gofr-curd/http/product/http.go:90.76,93.16 3 0
gofr-curd/http/product/http.go:97.2,103.25 2 0
gofr-curd/http/product/http.go:93.16,95.3 1 0
gofr-curd/http/product/http.go:106.76,111.16 4 0
gofr-curd/http/product/http.go:117.2,118.16 2 0
gofr-curd/http/product/http.go:122.2,129.25 2 0
gofr-curd/http/product/http.go:111.16,115.3 3 0
gofr-curd/http/product/http.go:118.16,120.3 1 0
gofr-curd/stores/product/functions.go:21.76,22.18 1 0
gofr-curd/stores/product/functions.go:27.2,27.18 1 0
gofr-curd/stores/product/functions.go:32.2,32.8 1 0
gofr-curd/stores/product/functions.go:22.18,25.3 2 0
gofr-curd/stores/product/functions.go:27.18,30.3 2 0
gofr-curd/stores/product/stores.go:16.26,18.2 1 0
gofr-curd/stores/product/stores.go:20.85,23.23 3 0
gofr-curd/stores/product/stores.go:26.2,27.26 2 0
gofr-curd/stores/product/stores.go:30.2,30.18 1 0
gofr-curd/stores/product/stores.go:23.23,25.3 1 0
gofr-curd/stores/product/stores.go:27.26,29.3 1 0
gofr-curd/stores/product/stores.go:33.79,36.16 3 0
gofr-curd/stores/product/stores.go:39.2,39.18 1 0
gofr-curd/stores/product/stores.go:49.2,49.18 1 0
gofr-curd/stores/product/stores.go:36.16,38.3 1 0
gofr-curd/stores/product/stores.go:39.18,47.3 3 0
gofr-curd/stores/product/stores.go:53.84,55.16 2 0
gofr-curd/stores/product/stores.go:59.2,61.24 2 0
gofr-curd/stores/product/stores.go:55.16,57.3 1 0
gofr-curd/stores/product/stores.go:65.62,68.16 2 0
gofr-curd/stores/product/stores.go:71.2,72.12 2 0
gofr-curd/stores/product/stores.go:75.2,75.12 1 0
gofr-curd/stores/product/stores.go:68.16,70.3 1 0
gofr-curd/stores/product/stores.go:72.12,74.3 1 0
gofr-curd/stores/product/stores.go:78.89,81.18 3 0
gofr-curd/stores/product/stores.go:84.2,94.12 6 0
gofr-curd/stores/product/stores.go:98.2,98.16 1 0
gofr-curd/stores/product/stores.go:101.2,103.15 2 0
gofr-curd/stores/product/stores.go:81.18,83.3 1 0
gofr-curd/stores/product/stores.go:94.12,96.3 1 0
gofr-curd/stores/product/stores.go:98.16,100.3 1 0
gofr-curd/stores/product/functions.go:21.76,22.18 1 0
gofr-curd/stores/product/functions.go:27.2,27.18 1 0
gofr-curd/stores/product/functions.go:32.2,32.8 1 0
gofr-curd/stores/product/functions.go:22.18,25.3 2 0
gofr-curd/stores/product/functions.go:27.18,30.3 2 0
gofr-curd/stores/product/stores.go:16.26,18.2 1 0
gofr-curd/stores/product/stores.go:20.85,23.23 3 0
gofr-curd/stores/product/stores.go:26.2,27.26 2 0
gofr-curd/stores/product/stores.go:30.2,30.18 1 0
gofr-curd/stores/product/stores.go:23.23,25.3 1 0
gofr-curd/stores/product/stores.go:27.26,29.3 1 0
gofr-curd/stores/product/stores.go:33.79,36.16 3 0
gofr-curd/stores/product/stores.go:39.2,39.18 1 0
gofr-curd/stores/product/stores.go:49.2,49.18 1 0
gofr-curd/stores/product/stores.go:36.16,38.3 1 0
gofr-curd/stores/product/stores.go:39.18,47.3 3 0
gofr-curd/stores/product/stores.go:53.84,55.16 2 0
gofr-curd/stores/product/stores.go:59.2,61.24 2 0
gofr-curd/stores/product/stores.go:55.16,57.3 1 0
gofr-curd/stores/product/stores.go:65.62,68.16 2 0
gofr-curd/stores/product/stores.go:71.2,72.12 2 0
gofr-curd/stores/product/stores.go:75.2,75.12 1 0
gofr-curd/stores/product/stores.go:68.16,70.3 1 0
gofr-curd/stores/product/stores.go:72.12,74.3 1 0
gofr-curd/stores/product/stores.go:78.89,81.18 3 0
gofr-curd/stores/product/stores.go:84.2,94.12 6 0
gofr-curd/stores/product/stores.go:98.2,98.16 1 0
gofr-curd/stores/product/stores.go:101.2,103.15 2 0
gofr-curd/stores/product/stores.go:81.18,83.3 1 0
gofr-curd/stores/product/stores.go:94.12,96.3 1 0
gofr-curd/stores/product/stores.go:98.16,100.3 1 0
gofr-curd/main.go:12.13,27.2 13 0
gofr-curd/services/mock_interfaces.go:27.61,31.2 3 1
gofr-curd/services/mock_interfaces.go:34.59,36.2 1 1
gofr-curd/services/mock_interfaces.go:39.104,45.2 5 1
gofr-curd/services/mock_interfaces.go:48.88,51.2 2 1
gofr-curd/services/mock_interfaces.go:54.74,59.2 4 1
gofr-curd/services/mock_interfaces.go:62.85,65.2 2 1
gofr-curd/services/mock_interfaces.go:68.86,74.2 5 1
gofr-curd/services/mock_interfaces.go:77.83,80.2 2 1
gofr-curd/services/mock_interfaces.go:83.97,89.2 5 1
gofr-curd/services/mock_interfaces.go:92.89,95.2 2 1
gofr-curd/services/mock_interfaces.go:98.114,104.2 5 1
gofr-curd/services/mock_interfaces.go:107.91,110.2 2 1
gofr-curd/stores/mock_interfaces.go:27.57,31.2 3 0
gofr-curd/stores/mock_interfaces.go:34.55,36.2 1 0
gofr-curd/stores/mock_interfaces.go:39.90,45.2 5 0
gofr-curd/stores/mock_interfaces.go:48.86,51.2 2 0
gofr-curd/stores/mock_interfaces.go:54.69,59.2 4 0
gofr-curd/stores/mock_interfaces.go:62.83,65.2 2 0
gofr-curd/stores/mock_interfaces.go:68.84,74.2 5 0
gofr-curd/stores/mock_interfaces.go:77.81,80.2 2 0
gofr-curd/stores/mock_interfaces.go:83.92,89.2 5 0
gofr-curd/stores/mock_interfaces.go:92.87,95.2 2 0
gofr-curd/stores/mock_interfaces.go:98.97,104.2 5 0
gofr-curd/stores/mock_interfaces.go:107.89,110.2 2 0
gofr-curd/services/product/services.go:18.46,20.2 1 0
gofr-curd/services/product/services.go:22.98,25.16 3 0
gofr-curd/services/product/services.go:28.2,28.16 1 0
gofr-curd/services/product/services.go:33.2,34.16 2 0
gofr-curd/services/product/services.go:37.2,38.17 2 0
gofr-curd/services/product/services.go:25.16,27.3 1 0
gofr-curd/services/product/services.go:28.16,32.3 1 0
gofr-curd/services/product/services.go:34.16,36.3 1 0
gofr-curd/services/product/services.go:41.89,44.16 3 0
gofr-curd/services/product/services.go:47.2,48.17 2 0
gofr-curd/services/product/services.go:44.16,46.3 1 0
gofr-curd/services/product/services.go:51.106,54.46 2 0
gofr-curd/services/product/services.go:57.2,57.20 1 0
gofr-curd/services/product/services.go:61.2,61.20 1 0
gofr-curd/services/product/services.go:64.2,65.16 2 0
gofr-curd/services/product/services.go:69.2,71.18 3 0
gofr-curd/services/product/services.go:54.46,56.3 1 0
gofr-curd/services/product/services.go:57.20,59.3 1 0
gofr-curd/services/product/services.go:61.20,63.3 1 0
gofr-curd/services/product/services.go:65.16,67.3 1 0
gofr-curd/services/product/services.go:75.75,78.16 2 0
gofr-curd/services/product/services.go:81.2,81.16 1 0
gofr-curd/services/product/services.go:86.2,87.16 2 0
gofr-curd/services/product/services.go:91.2,91.12 1 0
gofr-curd/services/product/services.go:78.16,80.3 1 0
gofr-curd/services/product/services.go:81.16,85.3 1 0
gofr-curd/services/product/services.go:87.16,89.3 1 0
gofr-curd/services/product/services.go:94.114,97.16 3 0
gofr-curd/services/product/services.go:100.2,100.16 1 0
gofr-curd/services/product/services.go:119.2,120.16 2 0
gofr-curd/services/product/services.go:123.2,125.18 3 0
gofr-curd/services/product/services.go:97.16,99.3 1 0
gofr-curd/services/product/services.go:100.16,104.3 1 0
gofr-curd/services/product/services.go:120.16,122.3 1 0
gofr-curd/http/product/http.go:20.80,24.16 3 1
gofr-curd/http/product/http.go:34.2,41.25 2 1
gofr-curd/http/product/http.go:24.16,27.3 1 1
gofr-curd/http/product/http.go:44.80,47.16 3 1
gofr-curd/http/product/http.go:50.2,56.25 3 1
gofr-curd/http/product/http.go:47.16,49.3 1 1
gofr-curd/http/product/http.go:59.79,68.16 3 1
gofr-curd/http/product/http.go:75.2,76.16 2 1
gofr-curd/http/product/http.go:79.2,86.25 2 1
gofr-curd/http/product/http.go:68.16,73.3 3 1
gofr-curd/http/product/http.go:76.16,78.3 1 1
gofr-curd/http/product/http.go:90.76,93.16 3 1
gofr-curd/http/product/http.go:97.2,103.25 2 1
gofr-curd/http/product/http.go:93.16,95.3 1 1
gofr-curd/http/product/http.go:106.76,111.16 4 1
gofr-curd/http/product/http.go:117.2,118.16 2 1
gofr-curd/http/product/http.go:122.2,129.25 2 1
gofr-curd/http/product/http.go:111.16,115.3 3 1
gofr-curd/http/product/http.go:118.16,120.3 1 1
gofr-curd/services/mock_interfaces.go:27.61,31.2 3 0
gofr-curd/services/mock_interfaces.go:34.59,36.2 1 0
gofr-curd/services/mock_interfaces.go:39.104,45.2 5 0
gofr-curd/services/mock_interfaces.go:48.88,51.2 2 0
gofr-curd/services/mock_interfaces.go:54.74,59.2 4 0
gofr-curd/services/mock_interfaces.go:62.85,65.2 2 0
gofr-curd/services/mock_interfaces.go:68.86,74.2 5 0
gofr-curd/services/mock_interfaces.go:77.83,80.2 2 0
gofr-curd/services/mock_interfaces.go:83.97,89.2 5 0
gofr-curd/services/mock_interfaces.go:92.89,95.2 2 0
gofr-curd/services/mock_interfaces.go:98.114,104.2 5 0
gofr-curd/services/mock_interfaces.go:107.91,110.2 2 0
gofr-curd/http/product/http.go:20.80,24.16 3 0
gofr-curd/http/product/http.go:34.2,41.25 2 0
gofr-curd/http/product/http.go:24.16,27.3 1 0
gofr-curd/http/product/http.go:44.80,47.16 3 0
gofr-curd/http/product/http.go:50.2,56.25 3 0
gofr-curd/http/product/http.go:47.16,49.3 1 0
gofr-curd/http/product/http.go:59.79,68.16 3 0
gofr-curd/http/product/http.go:75.2,76.16 2 0
gofr-curd/http/product/http.go:79.2,86.25 2 0
gofr-curd/http/product/http.go:68.16,73.3 3 0
gofr-curd/http/product/http.go:76.16,78.3 1 0
gofr-curd/http/product/http.go:90.76,93.16 3 0
gofr-curd/http/product/http.go:97.2,103.25 2 0
gofr-curd/http/product/http.go:93.16,95.3 1 0
gofr-curd/http/product/http.go:106.76,111.16 4 0
gofr-curd/http/product/http.go:117.2,118.16 2 0
gofr-curd/http/product/http.go:122.2,129.25 2 0
gofr-curd/http/product/http.go:111.16,115.3 3 0
gofr-curd/http/product/http.go:118.16,120.3 1 0
gofr-curd/services/product/services.go:18.46,20.2 1 0
gofr-curd/services/product/services.go:22.98,25.16 3 0
gofr-curd/services/product/services.go:28.2,28.16 1 0
gofr-curd/services/product/services.go:33.2,34.16 2 0
gofr-curd/services/product/services.go:37.2,38.17 2 0
gofr-curd/services/product/services.go:25.16,27.3 1 0
gofr-curd/services/product/services.go:28.16,32.3 1 0
gofr-curd/services/product/services.go:34.16,36.3 1 0
gofr-curd/services/product/services.go:41.89,44.16 3 0
gofr-curd/services/product/services.go:47.2,48.17 2 0
gofr-curd/services/product/services.go:44.16,46.3 1 0
gofr-curd/services/product/services.go:51.106,54.46 2 0
gofr-curd/services/product/services.go:57.2,57.20 1 0
gofr-curd/services/product/services.go:61.2,61.20 1 0
gofr-curd/services/product/services.go:64.2,65.16 2 0
gofr-curd/services/product/services.go:69.2,71.18 3 0
gofr-curd/services/product/services.go:54.46,56.3 1 0
gofr-curd/services/product/services.go:57.20,59.3 1 0
gofr-curd/services/product/services.go:61.20,63.3 1 0
gofr-curd/services/product/services.go:65.16,67.3 1 0
gofr-curd/services/product/services.go:75.75,78.16 2 0
gofr-curd/services/product/services.go:81.2,81.16 1 0
gofr-curd/services/product/services.go:86.2,87.16 2 0
gofr-curd/services/product/services.go:91.2,91.12 1 0
gofr-curd/services/product/services.go:78.16,80.3 1 0
gofr-curd/services/product/services.go:81.16,85.3 1 0
gofr-curd/services/product/services.go:87.16,89.3 1 0
gofr-curd/services/product/services.go:94.114,97.16 3 0
gofr-curd/services/product/services.go:100.2,100.16 1 0
gofr-curd/services/product/services.go:119.2,120.16 2 0
gofr-curd/services/product/services.go:123.2,125.18 3 0
gofr-curd/services/product/services.go:97.16,99.3 1 0
gofr-curd/services/product/services.go:100.16,104.3 1 0
gofr-curd/services/product/services.go:120.16,122.3 1 0
gofr-curd/main.go:12.13,27.2 13 0
gofr-curd/stores/product/stores.go:16.26,18.2 1 1
gofr-curd/stores/product/stores.go:20.85,23.23 3 1
gofr-curd/stores/product/stores.go:26.2,27.26 2 1
gofr-curd/stores/product/stores.go:30.2,30.18 1 1
gofr-curd/stores/product/stores.go:23.23,25.3 1 0
gofr-curd/stores/product/stores.go:27.26,29.3 1 1
gofr-curd/stores/product/stores.go:33.79,36.16 3 1
gofr-curd/stores/product/stores.go:39.2,39.18 1 1
gofr-curd/stores/product/stores.go:49.2,49.18 1 1
gofr-curd/stores/product/stores.go:36.16,38.3 1 0
gofr-curd/stores/product/stores.go:39.18,47.3 3 1
gofr-curd/stores/product/stores.go:53.84,55.16 2 1
gofr-curd/stores/product/stores.go:59.2,61.24 2 1
gofr-curd/stores/product/stores.go:55.16,57.3 1 0
gofr-curd/stores/product/stores.go:65.62,68.16 2 1
gofr-curd/stores/product/stores.go:71.2,72.12 2 1
gofr-curd/stores/product/stores.go:75.2,75.12 1 1
gofr-curd/stores/product/stores.go:68.16,70.3 1 0
gofr-curd/stores/product/stores.go:72.12,74.3 1 1
gofr-curd/stores/product/stores.go:78.89,81.18 3 1
gofr-curd/stores/product/stores.go:84.2,94.12 6 1
gofr-curd/stores/product/stores.go:98.2,98.16 1 1
gofr-curd/stores/product/stores.go:101.2,103.15 2 1
gofr-curd/stores/product/stores.go:81.18,83.3 1 1
gofr-curd/stores/product/stores.go:94.12,96.3 1 1
gofr-curd/stores/product/stores.go:98.16,100.3 1 0
gofr-curd/stores/mock_interfaces.go:27.57,31.2 3 0
gofr-curd/stores/mock_interfaces.go:34.55,36.2 1 0
gofr-curd/stores/mock_interfaces.go:39.90,45.2 5 0
gofr-curd/stores/mock_interfaces.go:48.86,51.2 2 0
gofr-curd/stores/mock_interfaces.go:54.69,59.2 4 0
gofr-curd/stores/mock_interfaces.go:62.83,65.2 2 0
gofr-curd/stores/mock_interfaces.go:68.84,74.2 5 0
gofr-curd/stores/mock_interfaces.go:77.81,80.2 2 0
gofr-curd/stores/mock_interfaces.go:83.92,89.2 5 0
gofr-curd/stores/mock_interfaces.go:92.87,95.2 2 0
gofr-curd/stores/mock_interfaces.go:98.97,104.2 5 0
gofr-curd/stores/mock_interfaces.go:107.89,110.2 2 0
gofr-curd/stores/product/functions.go:21.76,22.18 1 1
gofr-curd/stores/product/functions.go:27.2,27.18 1 1
gofr-curd/stores/product/functions.go:32.2,32.8 1 1
gofr-curd/stores/product/functions.go:22.18,25.3 2 1
gofr-curd/stores/product/functions.go:27.18,30.3 2 1
gofr-curd/stores/product/functions.go:21.76,22.18 1 0
gofr-curd/stores/product/functions.go:27.2,27.18 1 0
gofr-curd/stores/product/functions.go:32.2,32.8 1 0
gofr-curd/stores/product/functions.go:22.18,25.3 2 0
gofr-curd/stores/product/functions.go:27.18,30.3 2 0
gofr-curd/services/mock_interfaces.go:27.61,31.2 3 0
gofr-curd/services/mock_interfaces.go:34.59,36.2 1 0
gofr-curd/services/mock_interfaces.go:39.104,45.2 5 0
gofr-curd/services/mock_interfaces.go:48.88,51.2 2 0
gofr-curd/services/mock_interfaces.go:54.74,59.2 4 0
gofr-curd/services/mock_interfaces.go:62.85,65.2 2 0
gofr-curd/services/mock_interfaces.go:68.86,74.2 5 0
gofr-curd/services/mock_interfaces.go:77.83,80.2 2 0
gofr-curd/services/mock_interfaces.go:83.97,89.2 5 0
gofr-curd/services/mock_interfaces.go:92.89,95.2 2 0
gofr-curd/services/mock_interfaces.go:98.114,104.2 5 0
gofr-curd/services/mock_interfaces.go:107.91,110.2 2 0
gofr-curd/http/product/http.go:20.80,24.16 3 0
gofr-curd/http/product/http.go:34.2,41.25 2 0
gofr-curd/http/product/http.go:24.16,27.3 1 0
gofr-curd/http/product/http.go:44.80,47.16 3 1
gofr-curd/http/product/http.go:50.2,56.25 3 1
gofr-curd/http/product/http.go:47.16,49.3 1 0
gofr-curd/http/product/http.go:59.79,68.16 3 0
gofr-curd/http/product/http.go:75.2,76.16 2 0
gofr-curd/http/product/http.go:79.2,86.25 2 0
gofr-curd/http/product/http.go:68.16,73.3 3 0
gofr-curd/http/product/http.go:76.16,78.3 1 0
gofr-curd/http/product/http.go:90.76,93.16 3 0
gofr-curd/http/product/http.go:97.2,103.25 2 0
gofr-curd/http/product/http.go:93.16,95.3 1 0
gofr-curd/http/product/http.go:106.76,111.16 4 0
gofr-curd/http/product/http.go:117.2,118.16 2 0
gofr-curd/http/product/http.go:122.2,129.25 2 0
gofr-curd/http/product/http.go:111.16,115.3 3 0
gofr-curd/http/product/http.go:118.16,120.3 1 0
gofr-curd/stores/mock_interfaces.go:27.57,31.2 3 0
gofr-curd/stores/mock_interfaces.go:34.55,36.2 1 0
gofr-curd/stores/mock_interfaces.go:39.90,45.2 5 0
gofr-curd/stores/mock_interfaces.go:48.86,51.2 2 0
gofr-curd/stores/mock_interfaces.go:54.69,59.2 4 0
gofr-curd/stores/mock_interfaces.go:62.83,65.2 2 0
gofr-curd/stores/mock_interfaces.go:68.84,74.2 5 0
gofr-curd/stores/mock_interfaces.go:77.81,80.2 2 0
gofr-curd/stores/mock_interfaces.go:83.92,89.2 5 0
gofr-curd/stores/mock_interfaces.go:92.87,95.2 2 0
gofr-curd/stores/mock_interfaces.go:98.97,104.2 5 0
gofr-curd/stores/mock_interfaces.go:107.89,110.2 2 0
gofr-curd/services/product/services.go:18.46,20.2 1 1
gofr-curd/services/product/services.go:22.98,25.16 3 0
gofr-curd/services/product/services.go:28.2,28.16 1 0
gofr-curd/services/product/services.go:33.2,34.16 2 0
gofr-curd/services/product/services.go:37.2,38.17 2 0
gofr-curd/services/product/services.go:25.16,27.3 1 0
gofr-curd/services/product/services.go:28.16,32.3 1 0
gofr-curd/services/product/services.go:34.16,36.3 1 0
gofr-curd/services/product/services.go:41.89,44.16 3 1
gofr-curd/services/product/services.go:47.2,48.17 2 1
gofr-curd/services/product/services.go:44.16,46.3 1 0
gofr-curd/services/product/services.go:51.106,54.46 2 0
gofr-curd/services/product/services.go:57.2,57.20 1 0
gofr-curd/services/product/services.go:61.2,61.20 1 0
gofr-curd/services/product/services.go:64.2,65.16 2 0
gofr-curd/services/product/services.go:69.2,71.18 3 0
gofr-curd/services/product/services.go:54.46,56.3 1 0
gofr-curd/services/product/services.go:57.20,59.3 1 0
gofr-curd/services/product/services.go:61.20,63.3 1 0
gofr-curd/services/product/services.go:65.16,67.3 1 0
gofr-curd/services/product/services.go:75.75,78.16 2 0
gofr-curd/services/product/services.go:81.2,81.16 1 0
gofr-curd/services/product/services.go:86.2,87.16 2 0
gofr-curd/services/product/services.go:91.2,91.12 1 0
gofr-curd/services/product/services.go:78.16,80.3 1 0
gofr-curd/services/product/services.go:81.16,85.3 1 0
gofr-curd/services/product/services.go:87.16,89.3 1 0
gofr-curd/services/product/services.go:94.114,97.16 3 0
gofr-curd/services/product/services.go:100.2,100.16 1 0
gofr-curd/services/product/services.go:119.2,120.16 2 0
gofr-curd/services/product/services.go:123.2,125.18 3 0
gofr-curd/services/product/services.go:97.16,99.3 1 0
gofr-curd/services/product/services.go:100.16,104.3 1 0
gofr-curd/services/product/services.go:120.16,122.3 1 0
gofr-curd/stores/product/stores.go:16.26,18.2 1 1
gofr-curd/stores/product/stores.go:20.85,23.23 3 0
gofr-curd/stores/product/stores.go:26.2,27.26 2 0
gofr-curd/stores/product/stores.go:30.2,30.18 1 0
gofr-curd/stores/product/stores.go:23.23,25.3 1 0
gofr-curd/stores/product/stores.go:27.26,29.3 1 0
gofr-curd/stores/product/stores.go:33.79,36.16 3 1
gofr-curd/stores/product/stores.go:39.2,39.18 1 1
gofr-curd/stores/product/stores.go:49.2,49.18 1 1
gofr-curd/stores/product/stores.go:36.16,38.3 1 0
gofr-curd/stores/product/stores.go:39.18,47.3 3 1
gofr-curd/stores/product/stores.go:53.84,55.16 2 0
gofr-curd/stores/product/stores.go:59.2,61.24 2 0
gofr-curd/stores/product/stores.go:55.16,57.3 1 0
gofr-curd/stores/product/stores.go:65.62,68.16 2 0
gofr-curd/stores/product/stores.go:71.2,72.12 2 0
gofr-curd/stores/product/stores.go:75.2,75.12 1 0
gofr-curd/stores/product/stores.go:68.16,70.3 1 0
gofr-curd/stores/product/stores.go:72.12,74.3 1 0
gofr-curd/stores/product/stores.go:78.89,81.18 3 0
gofr-curd/stores/product/stores.go:84.2,94.12 6 0
gofr-curd/stores/product/stores.go:98.2,98.16 1 0
gofr-curd/stores/product/stores.go:101.2,103.15 2 0
gofr-curd/stores/product/stores.go:81.18,83.3 1 0
gofr-curd/stores/product/stores.go:94.12,96.3 1 0
gofr-curd/stores/product/stores.go:98.16,100.3 1 0
gofr-curd/main.go:12.13,27.2 13 1
