mode: set
zopsmart/productgofr/http/product/http.go:17.38,21.2 1 1
zopsmart/productgofr/http/product/http.go:23.78,26.13 2 1
zopsmart/productgofr/http/product/http.go:30.2,32.16 2 1
zopsmart/productgofr/http/product/http.go:36.2,37.16 2 1
zopsmart/productgofr/http/product/http.go:41.2,45.8 1 1
zopsmart/productgofr/http/product/http.go:26.13,28.3 1 1
zopsmart/productgofr/http/product/http.go:32.16,34.3 1 1
zopsmart/productgofr/http/product/http.go:37.16,39.3 1 1
zopsmart/productgofr/http/product/http.go:48.80,50.15 2 1
zopsmart/productgofr/http/product/http.go:53.2,53.18 1 1
zopsmart/productgofr/http/product/http.go:50.15,52.3 1 1
zopsmart/productgofr/http/product/http.go:56.80,58.37 2 1
zopsmart/productgofr/http/product/http.go:63.2,64.16 2 1
zopsmart/productgofr/http/product/http.go:68.2,68.36 1 1
zopsmart/productgofr/http/product/http.go:58.37,61.3 2 1
zopsmart/productgofr/http/product/http.go:64.16,66.3 1 1
zopsmart/productgofr/http/product/http.go:71.80,74.13 2 1
zopsmart/productgofr/http/product/http.go:78.2,79.16 2 1
zopsmart/productgofr/http/product/http.go:83.2,86.36 3 1
zopsmart/productgofr/http/product/http.go:91.2,92.15 2 1
zopsmart/productgofr/http/product/http.go:96.2,96.35 1 1
zopsmart/productgofr/http/product/http.go:74.13,76.3 1 1
zopsmart/productgofr/http/product/http.go:79.16,81.3 1 1
zopsmart/productgofr/http/product/http.go:86.36,89.3 2 1
zopsmart/productgofr/http/product/http.go:92.15,94.3 1 1
zopsmart/productgofr/http/product/http.go:99.80,102.13 2 1
zopsmart/productgofr/http/product/http.go:106.2,107.16 2 1
zopsmart/productgofr/http/product/http.go:111.2,112.16 2 1
zopsmart/productgofr/http/product/http.go:116.2,119.8 1 1
zopsmart/productgofr/http/product/http.go:102.13,104.3 1 1
zopsmart/productgofr/http/product/http.go:107.16,109.3 1 1
zopsmart/productgofr/http/product/http.go:112.16,114.3 1 1
