mode: set
github.com/tejas/gofr-crud/http/product/http.go:17.44,19.2 1 1
github.com/tejas/gofr-crud/http/product/http.go:25.73,28.13 2 1
github.com/tejas/gofr-crud/http/product/http.go:32.2,33.16 2 1
github.com/tejas/gofr-crud/http/product/http.go:37.2,38.16 2 1
github.com/tejas/gofr-crud/http/product/http.go:44.2,45.17 2 1
github.com/tejas/gofr-crud/http/product/http.go:28.13,30.3 1 0
github.com/tejas/gofr-crud/http/product/http.go:33.16,35.3 1 1
github.com/tejas/gofr-crud/http/product/http.go:38.16,43.3 1 1
github.com/tejas/gofr-crud/http/product/http.go:48.73,51.16 2 1
github.com/tejas/gofr-crud/http/product/http.go:54.2,54.18 1 1
github.com/tejas/gofr-crud/http/product/http.go:51.16,53.3 1 1
github.com/tejas/gofr-crud/http/product/http.go:57.72,63.16 3 1
github.com/tejas/gofr-crud/http/product/http.go:67.2,69.16 2 1
github.com/tejas/gofr-crud/http/product/http.go:73.2,73.18 1 1
github.com/tejas/gofr-crud/http/product/http.go:63.16,65.3 1 1
github.com/tejas/gofr-crud/http/product/http.go:69.16,71.3 1 1
github.com/tejas/gofr-crud/http/product/http.go:76.72,80.16 3 1
github.com/tejas/gofr-crud/http/product/http.go:83.2,84.16 2 1
github.com/tejas/gofr-crud/http/product/http.go:87.2,87.18 1 1
github.com/tejas/gofr-crud/http/product/http.go:80.16,82.3 1 0
github.com/tejas/gofr-crud/http/product/http.go:84.16,86.3 1 1
github.com/tejas/gofr-crud/http/product/http.go:90.72,93.13 2 1
github.com/tejas/gofr-crud/http/product/http.go:97.2,99.16 2 1
github.com/tejas/gofr-crud/http/product/http.go:103.2,103.58 1 1
github.com/tejas/gofr-crud/http/product/http.go:107.2,107.44 1 1
github.com/tejas/gofr-crud/http/product/http.go:93.13,95.3 1 1
github.com/tejas/gofr-crud/http/product/http.go:99.16,101.3 1 1
github.com/tejas/gofr-crud/http/product/http.go:103.58,105.3 1 1
