mode: set
zopsmart/productgofr/stores/product/store.go:15.25,17.2 1 1
zopsmart/productgofr/stores/product/store.go:19.82,24.16 3 1
zopsmart/productgofr/stores/product/store.go:27.2,27.21 1 1
zopsmart/productgofr/stores/product/store.go:24.16,26.3 1 1
zopsmart/productgofr/stores/product/store.go:30.66,32.16 2 1
zopsmart/productgofr/stores/product/store.go:35.2,35.12 1 1
zopsmart/productgofr/stores/product/store.go:32.16,34.3 1 0
zopsmart/productgofr/stores/product/store.go:38.79,40.16 2 1
zopsmart/productgofr/stores/product/store.go:43.2,43.12 1 1
zopsmart/productgofr/stores/product/store.go:40.16,42.3 1 0
zopsmart/productgofr/stores/product/store.go:46.82,48.16 2 1
zopsmart/productgofr/stores/product/store.go:53.2,53.12 1 1
zopsmart/productgofr/stores/product/store.go:48.16,52.3 1 0
zopsmart/productgofr/stores/product/store.go:56.78,59.16 3 1
zopsmart/productgofr/stores/product/store.go:63.2,63.18 1 1
zopsmart/productgofr/stores/product/store.go:71.2,71.22 1 1
zopsmart/productgofr/stores/product/store.go:59.16,61.3 1 0
zopsmart/productgofr/stores/product/store.go:63.18,66.17 3 1
zopsmart/productgofr/stores/product/store.go:69.3,69.39 1 1
zopsmart/productgofr/stores/product/store.go:66.17,68.4 1 0
